Unity Editor version:    2021.3.8f1 (b30333d56e81)
Branch:                  2021.3/staging
Build type:              Release
Batch mode:              YES
macOS version:           Version 12.5.1 (Build 21G83)
Darwin version:          21.6.0
Architecture:            x86_64
Running under Rosetta:   YES
Available memory:        8192 MB
Using pre-set license
Pro License: YES

COMMAND LINE ARGUMENTS:
/Applications/Unity/Hub/Editor/2021.3.8f1/Unity.app/Contents/MacOS/Unity
-adb2
-batchMode
-noUpm
-name
AssetImportWorker1
-projectPath
/Users/kimdaesung/Desktop/이전 학기/2-2학기/VR:AR:게임제작기초/template2
-logFile
Logs/AssetImportWorker1.log
-srvPort
58247
Successfully changed project path to: /Users/kimdaesung/Desktop/이전 학기/2-2학기/VR:AR:게임제작기초/template2
/Users/kimdaesung/Desktop/이전 학기/2-2학기/VR:AR:게임제작기초/template2
[UnityMemory] Configuration Parameters - Can be set up in boot.config
    "memorysetup-bucket-allocator-granularity=16"
    "memorysetup-bucket-allocator-bucket-count=8"
    "memorysetup-bucket-allocator-block-size=33554432"
    "memorysetup-bucket-allocator-block-count=8"
    "memorysetup-main-allocator-block-size=16777216"
    "memorysetup-thread-allocator-block-size=16777216"
    "memorysetup-gfx-main-allocator-block-size=16777216"
    "memorysetup-gfx-thread-allocator-block-size=16777216"
    "memorysetup-cache-allocator-block-size=4194304"
    "memorysetup-typetree-allocator-block-size=2097152"
    "memorysetup-profiler-bucket-allocator-granularity=16"
    "memorysetup-profiler-bucket-allocator-bucket-count=8"
    "memorysetup-profiler-bucket-allocator-block-size=33554432"
    "memorysetup-profiler-bucket-allocator-block-count=8"
    "memorysetup-profiler-allocator-block-size=16777216"
    "memorysetup-profiler-editor-allocator-block-size=1048576"
    "memorysetup-temp-allocator-size-main=16777216"
    "memorysetup-job-temp-allocator-block-size=2097152"
    "memorysetup-job-temp-allocator-block-size-background=1048576"
    "memorysetup-job-temp-allocator-reduction-small-platforms=262144"
    "memorysetup-temp-allocator-size-background-worker=32768"
    "memorysetup-temp-allocator-size-job-worker=262144"
    "memorysetup-temp-allocator-size-preload-manager=33554432"
    "memorysetup-temp-allocator-size-nav-mesh-worker=65536"
    "memorysetup-temp-allocator-size-audio-worker=65536"
    "memorysetup-temp-allocator-size-cloud-worker=32768"
    "memorysetup-temp-allocator-size-gi-baking-worker=262144"
    "memorysetup-temp-allocator-size-gfx=262144"
Refreshing native plugins compatible for Editor in 58.54 ms, found 2 plugins.
Preloading 0 native plugins for Editor in 0.00 ms.
Initialize engine version: 2021.3.8f1 (b30333d56e81)
[Subsystems] Discovering subsystems at path /Applications/Unity/Hub/Editor/2021.3.8f1/Unity.app/Contents/Resources/UnitySubsystems
[Subsystems] Discovering subsystems at path /Users/kimdaesung/Desktop/이전 학기/2-2학기/VR:AR:게임제작기초/template2/Assets
GfxDevice: creating device client; threaded=0; jobified=0
 preferred device: Apple M1 (high power)
Metal devices available: 1
0: Apple M1 (high power)
Using device Apple M1 (high power)
Initializing Metal device caps: Apple M1
Initialize mono
Mono path[0] = '/Applications/Unity/Hub/Editor/2021.3.8f1/Unity.app/Contents/Managed'
Mono path[1] = '/Applications/Unity/Hub/Editor/2021.3.8f1/Unity.app/Contents/MonoBleedingEdge/lib/mono/unityjit-macos'
Mono config path = '/Applications/Unity/Hub/Editor/2021.3.8f1/Unity.app/Contents/MonoBleedingEdge/etc'
Using monoOptions --debugger-agent=transport=dt_socket,embedding=1,server=y,suspend=n,address=127.0.0.1:56750
Begin MonoManager ReloadAssembly
Registering precompiled unity dll's ...
Register platform support module: /Applications/Unity/Hub/Editor/2021.3.8f1/Unity.app/Contents/PlaybackEngines/MacStandaloneSupport/UnityEditor.OSXStandalone.Extensions.dll
Register platform support module: /Applications/Unity/Hub/Editor/2021.3.8f1/PlaybackEngines/AndroidPlayer/UnityEditor.Android.Extensions.dll
Registered in 0.002485 seconds.
Native extension for Android target not found
Native extension for OSXStandalone target not found
Refreshing native plugins compatible for Editor in 62.21 ms, found 2 plugins.
Preloading 0 native plugins for Editor in 0.00 ms.
Mono: successfully reloaded assembly
- Completed reload, in  2.477 seconds
Domain Reload Profiling:
	ReloadAssembly (2478ms)
		BeginReloadAssembly (234ms)
			ExecutionOrderSort (0ms)
			DisableScriptedObjects (0ms)
			BackupInstance (0ms)
			ReleaseScriptingObjects (0ms)
			CreateAndSetChildDomain (5ms)
		EndReloadAssembly (1727ms)
			LoadAssemblies (230ms)
			RebuildTransferFunctionScriptingTraits (0ms)
			SetupTypeCache (217ms)
			ReleaseScriptCaches (0ms)
			RebuildScriptCaches (55ms)
			SetupLoadedEditorAssemblies (1236ms)
				LogAssemblyErrors (0ms)
				InitializePlatformSupportModulesInManaged (297ms)
				SetLoadedEditorAssemblies (1ms)
				RefreshPlugins (62ms)
				BeforeProcessingInitializeOnLoad (10ms)
				ProcessInitializeOnLoadAttributes (489ms)
				ProcessInitializeOnLoadMethodAttributes (376ms)
				AfterProcessingInitializeOnLoad (0ms)
				EditorAssembliesLoaded (1ms)
			ExecutionOrderSort2 (0ms)
			AwakeInstancesAfterBackupRestoration (0ms)
Platform modules already initialized, skipping
Registering precompiled user dll's ...
Registered in 0.002210 seconds.
Begin MonoManager ReloadAssembly
Native extension for Android target not found
Native extension for OSXStandalone target not found
Refreshing native plugins compatible for Editor in 0.57 ms, found 2 plugins.
Preloading 0 native plugins for Editor in 0.00 ms.
Mono: successfully reloaded assembly
- Completed reload, in  3.360 seconds
Domain Reload Profiling:
	ReloadAssembly (3364ms)
		BeginReloadAssembly (472ms)
			ExecutionOrderSort (0ms)
			DisableScriptedObjects (63ms)
			BackupInstance (0ms)
			ReleaseScriptingObjects (0ms)
			CreateAndSetChildDomain (159ms)
		EndReloadAssembly (2453ms)
			LoadAssemblies (165ms)
			RebuildTransferFunctionScriptingTraits (0ms)
			SetupTypeCache (366ms)
			ReleaseScriptCaches (4ms)
			RebuildScriptCaches (86ms)
			SetupLoadedEditorAssemblies (1588ms)
				LogAssemblyErrors (0ms)
				InitializePlatformSupportModulesInManaged (60ms)
				SetLoadedEditorAssemblies (2ms)
				RefreshPlugins (1ms)
				BeforeProcessingInitializeOnLoad (138ms)
				ProcessInitializeOnLoadAttributes (1217ms)
				ProcessInitializeOnLoadMethodAttributes (169ms)
				AfterProcessingInitializeOnLoad (1ms)
				EditorAssembliesLoaded (0ms)
			ExecutionOrderSort2 (0ms)
			AwakeInstancesAfterBackupRestoration (15ms)
Platform modules already initialized, skipping
========================================================================
Worker process is ready to serve import requests
Launching external process: /Applications/Unity/Hub/Editor/2021.3.8f1/Unity.app/Contents/Tools/UnityShaderCompiler
Launched and connected shader compiler UnityShaderCompiler after 0.11 seconds
Refreshing native plugins compatible for Editor in 0.54 ms, found 2 plugins.
Preloading 0 native plugins for Editor in 0.00 ms.
Unloading 1827 Unused Serialized files (Serialized files now loaded: 0)
Unloading 20 unused Assets / (0.5 MB). Loaded Objects now: 2334.
Memory consumption went from 197.4 MB to 196.8 MB.
Total: 4.121750 ms (FindLiveObjects: 0.139792 ms CreateObjectMapping: 0.061125 ms MarkObjects: 3.529625 ms  DeleteObjects: 0.390166 ms)

AssetImportParameters requested are different than current active one (requested -> active):
  custom:video-decoder-ogg-theora: a1e56fd34408186e4bbccfd4996cb3dc -> 
  custom:container-muxer-webm: aa71ff27fc2769a1b78a27578f13a17b -> 
  custom:container-demuxer-webm: 4f35f7cbe854078d1ac9338744f61a02 -> 
  custom:video-encoder-webm-vp8: eb34c28f22e8b96e1ab97ce403110664 -> 
  custom:framework-osx-AVFoundation: e770b220cccbd017edd2c1fefb359320 -> 
  custom:audio-encoder-webm-vorbis: bf7c407c2cedff20999df2af8eb42d56 -> 
  custom:container-demuxer-ogg: 62fdf1f143b41e24485cea50d1cbac27 -> 
  custom:video-decoder-webm-vp8: 9c59270c3fd7afecdb556c50c9e8de78 -> 
  custom:audio-decoder-ogg-vorbis: bf7c407c2cedff20999df2af8eb42d56 -> 
========================================================================
Received Import Request.
  Time since last request: 69848.465496 seconds.
  path: Assets/TerrainData_2c82757d-e644-41e8-92c6-ebbcc9deb560.asset
  artifactKey: Guid(1b6f68758025b4113aee3549831d64ad) Importer(815301076,1909f56bfc062723c751e8b465ee728b)
Start importing Assets/TerrainData_2c82757d-e644-41e8-92c6-ebbcc9deb560.asset using Guid(1b6f68758025b4113aee3549831d64ad) Importer(815301076,1909f56bfc062723c751e8b465ee728b)  -> (artifact id: 'b41460798faa2ab5e6f4af90a030d950') in 0.338014 seconds 
========================================================================
Received Import Request.
  Time since last request: 0.000301 seconds.
  path: Assets/TerrainData_0d03f83d-36b8-4c6d-bc97-bb6e028b2220.asset
  artifactKey: Guid(2de9f80b718da4d8097366eea2ff08c1) Importer(815301076,1909f56bfc062723c751e8b465ee728b)
Start importing Assets/TerrainData_0d03f83d-36b8-4c6d-bc97-bb6e028b2220.asset using Guid(2de9f80b718da4d8097366eea2ff08c1) Importer(815301076,1909f56bfc062723c751e8b465ee728b)  -> (artifact id: '29733eef161b51a66ca738f6ccd8878c') in 0.030890 seconds 
========================================================================
Received Import Request.
  Time since last request: 0.000077 seconds.
  path: Assets/TerrainData_3a09ee36-ae59-4ce0-a478-f81f8c447357.asset
  artifactKey: Guid(44e298250f2b1409586515424f94c214) Importer(815301076,1909f56bfc062723c751e8b465ee728b)
Start importing Assets/TerrainData_3a09ee36-ae59-4ce0-a478-f81f8c447357.asset using Guid(44e298250f2b1409586515424f94c214) Importer(815301076,1909f56bfc062723c751e8b465ee728b)  -> (artifact id: '7fa288d85ead959d108ea32382b31cf6') in 0.029472 seconds 
========================================================================
Received Import Request.
  Time since last request: 0.001268 seconds.
  path: Assets/TerrainData_1a3193ea-a013-4a82-bcb9-5b3cc02c4774.asset
  artifactKey: Guid(b54bb17fe1df1412fa0dbb1796218f2f) Importer(815301076,1909f56bfc062723c751e8b465ee728b)
Start importing Assets/TerrainData_1a3193ea-a013-4a82-bcb9-5b3cc02c4774.asset using Guid(b54bb17fe1df1412fa0dbb1796218f2f) Importer(815301076,1909f56bfc062723c751e8b465ee728b)  -> (artifact id: '743fde89fec8dfde0ff0e58bedae30ca') in 0.020943 seconds 
========================================================================
Received Import Request.
  Time since last request: 0.000069 seconds.
  path: Assets/TerrainData_0f70584c-e20c-4600-bfca-80e8d7666e40.asset
  artifactKey: Guid(b66758dfd18174f8dbe4c2f558ddb830) Importer(815301076,1909f56bfc062723c751e8b465ee728b)
Start importing Assets/TerrainData_0f70584c-e20c-4600-bfca-80e8d7666e40.asset using Guid(b66758dfd18174f8dbe4c2f558ddb830) Importer(815301076,1909f56bfc062723c751e8b465ee728b)  -> (artifact id: 'dd049b7f2949bcb3ca9d830026718baf') in 0.025473 seconds 
========================================================================
Received Import Request.
  Time since last request: 0.000169 seconds.
  path: Assets/TerrainData_0f51a403-6a79-4147-b637-1b0a764909af.asset
  artifactKey: Guid(474b99e40f95149a091f5c240b1e8ddf) Importer(815301076,1909f56bfc062723c751e8b465ee728b)
Start importing Assets/TerrainData_0f51a403-6a79-4147-b637-1b0a764909af.asset using Guid(474b99e40f95149a091f5c240b1e8ddf) Importer(815301076,1909f56bfc062723c751e8b465ee728b)  -> (artifact id: '7f674554d4acff06286bf3559a327bc0') in 0.026828 seconds 
========================================================================
Received Import Request.
  Time since last request: 0.000085 seconds.
  path: Assets/TerrainData_3a0425ea-afc2-4f1b-89b4-1cdd040c12db.asset
  artifactKey: Guid(308d25936b5bc4ff599288caa845cc8c) Importer(815301076,1909f56bfc062723c751e8b465ee728b)
Start importing Assets/TerrainData_3a0425ea-afc2-4f1b-89b4-1cdd040c12db.asset using Guid(308d25936b5bc4ff599288caa845cc8c) Importer(815301076,1909f56bfc062723c751e8b465ee728b)  -> (artifact id: '2c1de168773785fb6a343e75052f1bb5') in 0.019868 seconds 
========================================================================
Received Import Request.
  Time since last request: 0.000075 seconds.
  path: Assets/New Terrain 2.asset
  artifactKey: Guid(906ea9619b454422cafd707d1c5482d4) Importer(815301076,1909f56bfc062723c751e8b465ee728b)
Start importing Assets/New Terrain 2.asset using Guid(906ea9619b454422cafd707d1c5482d4) Importer(815301076,1909f56bfc062723c751e8b465ee728b)  -> (artifact id: '4ff9022bfb3e598cdc67f8c29d7c67df') in 0.029430 seconds 
========================================================================
Received Import Request.
  Time since last request: 0.000078 seconds.
  path: Assets/TerrainData_4f473120-fdb3-4c6b-aabd-10e7b4353892.asset
  artifactKey: Guid(1e96ed9fd52bd41d59b3dce0186cee9a) Importer(815301076,1909f56bfc062723c751e8b465ee728b)
Start importing Assets/TerrainData_4f473120-fdb3-4c6b-aabd-10e7b4353892.asset using Guid(1e96ed9fd52bd41d59b3dce0186cee9a) Importer(815301076,1909f56bfc062723c751e8b465ee728b)  -> (artifact id: '0a8355f4884acc95155d381395580ba9') in 0.018236 seconds 
========================================================================
Received Import Request.
  Time since last request: 0.000083 seconds.
  path: Assets/New Terrain 1.asset
  artifactKey: Guid(28f16fb046b46456bbae20a0da62fd0c) Importer(815301076,1909f56bfc062723c751e8b465ee728b)
Start importing Assets/New Terrain 1.asset using Guid(28f16fb046b46456bbae20a0da62fd0c) Importer(815301076,1909f56bfc062723c751e8b465ee728b)  -> (artifact id: '68e55f973e678d25e79b580b9c3f5e15') in 0.010463 seconds 
========================================================================
Received Import Request.
  Time since last request: 0.000113 seconds.
  path: Assets/TerrainData_5ca03407-c29d-45bd-9df3-8d4b6766061d.asset
  artifactKey: Guid(83e5c4dbf89a74908bf0e875c1e0103b) Importer(815301076,1909f56bfc062723c751e8b465ee728b)
Start importing Assets/TerrainData_5ca03407-c29d-45bd-9df3-8d4b6766061d.asset using Guid(83e5c4dbf89a74908bf0e875c1e0103b) Importer(815301076,1909f56bfc062723c751e8b465ee728b)  -> (artifact id: '931e1a6506071c67b499a5427dfdef6d') in 0.028246 seconds 
========================================================================
Received Import Request.
  Time since last request: 0.000124 seconds.
  path: Assets/TerrainData_0b614827-f32b-467f-96a7-0575a561c267.asset
  artifactKey: Guid(802f5cb6d07ed4eb489282cd166bdc94) Importer(815301076,1909f56bfc062723c751e8b465ee728b)
Start importing Assets/TerrainData_0b614827-f32b-467f-96a7-0575a561c267.asset using Guid(802f5cb6d07ed4eb489282cd166bdc94) Importer(815301076,1909f56bfc062723c751e8b465ee728b)  -> (artifact id: '830033ac6e768495bf361fe0b62b49a4') in 0.022915 seconds 
========================================================================
Received Import Request.
  Time since last request: 0.000093 seconds.
  path: Assets/TerrainData_02deef04-0c91-4911-9f3e-1d09faf80064.asset
  artifactKey: Guid(57a37738881f146c8ac0323406714eca) Importer(815301076,1909f56bfc062723c751e8b465ee728b)
Start importing Assets/TerrainData_02deef04-0c91-4911-9f3e-1d09faf80064.asset using Guid(57a37738881f146c8ac0323406714eca) Importer(815301076,1909f56bfc062723c751e8b465ee728b)  -> (artifact id: '608cfca883c75676c1046df2510ec8b5') in 0.019793 seconds 
========================================================================
Received Import Request.
  Time since last request: 0.000089 seconds.
  path: Assets/NewLayer 1.terrainlayer
  artifactKey: Guid(c97f6abc775cf420fbb75a1e4f89f76c) Importer(815301076,1909f56bfc062723c751e8b465ee728b)
Start importing Assets/NewLayer 1.terrainlayer using Guid(c97f6abc775cf420fbb75a1e4f89f76c) Importer(815301076,1909f56bfc062723c751e8b465ee728b)  -> (artifact id: '9e121f759ead39808781d91488e9e8dd') in 0.167638 seconds 
========================================================================
Received Import Request.
  Time since last request: 408.547680 seconds.
  path: Assets/TerrainData_6b3379cd-7f55-4dcb-86e8-cc32d56c200c.asset
  artifactKey: Guid(b0d34bd77b94d4a65ae3615f89fa6b6e) Importer(815301076,1909f56bfc062723c751e8b465ee728b)
Start importing Assets/TerrainData_6b3379cd-7f55-4dcb-86e8-cc32d56c200c.asset using Guid(b0d34bd77b94d4a65ae3615f89fa6b6e) Importer(815301076,1909f56bfc062723c751e8b465ee728b)  -> (artifact id: 'efd800dd811cec9cc16d10a269b58c4c') in 0.064560 seconds 
========================================================================
Received Import Request.
  Time since last request: 0.000063 seconds.
  path: Assets/TerrainData_13d084eb-09fc-4df4-bce5-87b5076e8f5c.asset
  artifactKey: Guid(e9cf0766bb8f644d4880f1ad988df69c) Importer(815301076,1909f56bfc062723c751e8b465ee728b)
Start importing Assets/TerrainData_13d084eb-09fc-4df4-bce5-87b5076e8f5c.asset using Guid(e9cf0766bb8f644d4880f1ad988df69c) Importer(815301076,1909f56bfc062723c751e8b465ee728b)  -> (artifact id: 'cffefbcc4af8bcf3c743284c8f1764a0') in 0.018659 seconds 
========================================================================
Received Import Request.
  Time since last request: 0.000209 seconds.
  path: Assets/TerrainData_7db6746e-e972-4cda-a64d-fe390017fdf1.asset
  artifactKey: Guid(1de621ebbfca2486e97200b88d4ded36) Importer(815301076,1909f56bfc062723c751e8b465ee728b)
Start importing Assets/TerrainData_7db6746e-e972-4cda-a64d-fe390017fdf1.asset using Guid(1de621ebbfca2486e97200b88d4ded36) Importer(815301076,1909f56bfc062723c751e8b465ee728b)  -> (artifact id: 'f0e38d963cd4cc05eafa7e3ea2a4b093') in 0.024604 seconds 
========================================================================
Received Import Request.
  Time since last request: 0.000088 seconds.
  path: Assets/TerrainData_7a4dd4f4-f212-4532-888d-d82fc5dbf271.asset
  artifactKey: Guid(55c0c1b5fe4524f0a8c7be9eeef734d0) Importer(815301076,1909f56bfc062723c751e8b465ee728b)
Start importing Assets/TerrainData_7a4dd4f4-f212-4532-888d-d82fc5dbf271.asset using Guid(55c0c1b5fe4524f0a8c7be9eeef734d0) Importer(815301076,1909f56bfc062723c751e8b465ee728b)  -> (artifact id: '7c43f121b09b6096979cccd1d75f4586') in 0.019715 seconds 
========================================================================
Received Import Request.
  Time since last request: 0.000073 seconds.
  path: Assets/TerrainData_44d44c04-dd9f-48d0-9e81-22099b6855b9.asset
  artifactKey: Guid(96ee79de41cc348ef94c4431762e0d40) Importer(815301076,1909f56bfc062723c751e8b465ee728b)
Start importing Assets/TerrainData_44d44c04-dd9f-48d0-9e81-22099b6855b9.asset using Guid(96ee79de41cc348ef94c4431762e0d40) Importer(815301076,1909f56bfc062723c751e8b465ee728b)  -> (artifact id: '46482da8ad6bdb22445f274c4b4cd0bc') in 0.021909 seconds 
========================================================================
Received Import Request.
  Time since last request: 0.000055 seconds.
  path: Assets/TerrainData_48e49bd1-a4dd-46cc-84e7-ae9bc26a2535.asset
  artifactKey: Guid(687527dc0afdb47689a80b1e67459e8f) Importer(815301076,1909f56bfc062723c751e8b465ee728b)
Start importing Assets/TerrainData_48e49bd1-a4dd-46cc-84e7-ae9bc26a2535.asset using Guid(687527dc0afdb47689a80b1e67459e8f) Importer(815301076,1909f56bfc062723c751e8b465ee728b)  -> (artifact id: '7505515775e2ac8b84d6efbaa8f5eb87') in 0.018172 seconds 
========================================================================
Received Prepare
Registering precompiled user dll's ...
Registered in 0.001612 seconds.
Begin MonoManager ReloadAssembly
Native extension for Android target not found
Native extension for OSXStandalone target not found
Refreshing native plugins compatible for Editor in 0.60 ms, found 2 plugins.
Preloading 0 native plugins for Editor in 0.00 ms.
Mono: successfully reloaded assembly
- Completed reload, in  3.502 seconds
Domain Reload Profiling:
	ReloadAssembly (3504ms)
		BeginReloadAssembly (336ms)
			ExecutionOrderSort (0ms)
			DisableScriptedObjects (51ms)
			BackupInstance (0ms)
			ReleaseScriptingObjects (0ms)
			CreateAndSetChildDomain (79ms)
		EndReloadAssembly (2811ms)
			LoadAssemblies (175ms)
			RebuildTransferFunctionScriptingTraits (0ms)
			SetupTypeCache (371ms)
			ReleaseScriptCaches (1ms)
			RebuildScriptCaches (69ms)
			SetupLoadedEditorAssemblies (1918ms)
				LogAssemblyErrors (0ms)
				InitializePlatformSupportModulesInManaged (108ms)
				SetLoadedEditorAssemblies (2ms)
				RefreshPlugins (1ms)
				BeforeProcessingInitializeOnLoad (140ms)
				ProcessInitializeOnLoadAttributes (1485ms)
				ProcessInitializeOnLoadMethodAttributes (180ms)
				AfterProcessingInitializeOnLoad (1ms)
				EditorAssembliesLoaded (0ms)
			ExecutionOrderSort2 (0ms)
			AwakeInstancesAfterBackupRestoration (16ms)
Platform modules already initialized, skipping
Refreshing native plugins compatible for Editor in 1.22 ms, found 2 plugins.
Preloading 0 native plugins for Editor in 0.00 ms.
Unloading 1802 Unused Serialized files (Serialized files now loaded: 0)
Unloading 14 unused Assets / (0.5 MB). Loaded Objects now: 2343.
Memory consumption went from 208.1 MB to 207.6 MB.
Total: 4.125083 ms (FindLiveObjects: 0.150250 ms CreateObjectMapping: 0.065500 ms MarkObjects: 3.521000 ms  DeleteObjects: 0.387167 ms)

AssetImportParameters requested are different than current active one (requested -> active):
  custom:video-decoder-ogg-theora: a1e56fd34408186e4bbccfd4996cb3dc -> 
  custom:container-muxer-webm: aa71ff27fc2769a1b78a27578f13a17b -> 
  custom:container-demuxer-webm: 4f35f7cbe854078d1ac9338744f61a02 -> 
  custom:video-encoder-webm-vp8: eb34c28f22e8b96e1ab97ce403110664 -> 
  custom:framework-osx-AVFoundation: e770b220cccbd017edd2c1fefb359320 -> 
  custom:audio-encoder-webm-vorbis: bf7c407c2cedff20999df2af8eb42d56 -> 
  custom:container-demuxer-ogg: 62fdf1f143b41e24485cea50d1cbac27 -> 
  custom:video-decoder-webm-vp8: 9c59270c3fd7afecdb556c50c9e8de78 -> 
  custom:audio-decoder-ogg-vorbis: bf7c407c2cedff20999df2af8eb42d56 -> 
========================================================================
Received Prepare
Registering precompiled user dll's ...
Registered in 0.001310 seconds.
Begin MonoManager ReloadAssembly
Native extension for Android target not found
Native extension for OSXStandalone target not found
Refreshing native plugins compatible for Editor in 0.62 ms, found 2 plugins.
Preloading 0 native plugins for Editor in 0.00 ms.
Mono: successfully reloaded assembly
- Completed reload, in  3.334 seconds
Domain Reload Profiling:
	ReloadAssembly (3337ms)
		BeginReloadAssembly (374ms)
			ExecutionOrderSort (0ms)
			DisableScriptedObjects (62ms)
			BackupInstance (0ms)
			ReleaseScriptingObjects (0ms)
			CreateAndSetChildDomain (99ms)
		EndReloadAssembly (2608ms)
			LoadAssemblies (163ms)
			RebuildTransferFunctionScriptingTraits (0ms)
			SetupTypeCache (365ms)
			ReleaseScriptCaches (1ms)
			RebuildScriptCaches (65ms)
			SetupLoadedEditorAssemblies (1747ms)
				LogAssemblyErrors (0ms)
				InitializePlatformSupportModulesInManaged (121ms)
				SetLoadedEditorAssemblies (2ms)
				RefreshPlugins (1ms)
				BeforeProcessingInitializeOnLoad (136ms)
				ProcessInitializeOnLoadAttributes (1302ms)
				ProcessInitializeOnLoadMethodAttributes (184ms)
				AfterProcessingInitializeOnLoad (1ms)
				EditorAssembliesLoaded (0ms)
			ExecutionOrderSort2 (0ms)
			AwakeInstancesAfterBackupRestoration (18ms)
Platform modules already initialized, skipping
Refreshing native plugins compatible for Editor in 1.11 ms, found 2 plugins.
Preloading 0 native plugins for Editor in 0.00 ms.
Unloading 1802 Unused Serialized files (Serialized files now loaded: 0)
Unloading 14 unused Assets / (0.5 MB). Loaded Objects now: 2346.
Memory consumption went from 208.7 MB to 208.2 MB.
Total: 4.077666 ms (FindLiveObjects: 0.176250 ms CreateObjectMapping: 0.064791 ms MarkObjects: 3.382125 ms  DeleteObjects: 0.453125 ms)

AssetImportParameters requested are different than current active one (requested -> active):
  custom:video-decoder-ogg-theora: a1e56fd34408186e4bbccfd4996cb3dc -> 
  custom:container-muxer-webm: aa71ff27fc2769a1b78a27578f13a17b -> 
  custom:container-demuxer-webm: 4f35f7cbe854078d1ac9338744f61a02 -> 
  custom:video-encoder-webm-vp8: eb34c28f22e8b96e1ab97ce403110664 -> 
  custom:framework-osx-AVFoundation: e770b220cccbd017edd2c1fefb359320 -> 
  custom:audio-encoder-webm-vorbis: bf7c407c2cedff20999df2af8eb42d56 -> 
  custom:container-demuxer-ogg: 62fdf1f143b41e24485cea50d1cbac27 -> 
  custom:video-decoder-webm-vp8: 9c59270c3fd7afecdb556c50c9e8de78 -> 
  custom:audio-decoder-ogg-vorbis: bf7c407c2cedff20999df2af8eb42d56 -> 
========================================================================
Received Prepare
Registering precompiled user dll's ...
Registered in 0.001634 seconds.
Begin MonoManager ReloadAssembly
Native extension for Android target not found
Native extension for OSXStandalone target not found
Refreshing native plugins compatible for Editor in 0.51 ms, found 2 plugins.
Preloading 0 native plugins for Editor in 0.00 ms.
Mono: successfully reloaded assembly
- Completed reload, in  3.446 seconds
Domain Reload Profiling:
	ReloadAssembly (3448ms)
		BeginReloadAssembly (341ms)
			ExecutionOrderSort (0ms)
			DisableScriptedObjects (64ms)
			BackupInstance (0ms)
			ReleaseScriptingObjects (0ms)
			CreateAndSetChildDomain (77ms)
		EndReloadAssembly (2742ms)
			LoadAssemblies (152ms)
			RebuildTransferFunctionScriptingTraits (0ms)
			SetupTypeCache (360ms)
			ReleaseScriptCaches (1ms)
			RebuildScriptCaches (69ms)
			SetupLoadedEditorAssemblies (1863ms)
				LogAssemblyErrors (0ms)
				InitializePlatformSupportModulesInManaged (113ms)
				SetLoadedEditorAssemblies (2ms)
				RefreshPlugins (1ms)
				BeforeProcessingInitializeOnLoad (132ms)
				ProcessInitializeOnLoadAttributes (1382ms)
				ProcessInitializeOnLoadMethodAttributes (232ms)
				AfterProcessingInitializeOnLoad (1ms)
				EditorAssembliesLoaded (0ms)
			ExecutionOrderSort2 (0ms)
			AwakeInstancesAfterBackupRestoration (21ms)
Platform modules already initialized, skipping
Refreshing native plugins compatible for Editor in 1.43 ms, found 2 plugins.
Preloading 0 native plugins for Editor in 0.00 ms.
Unloading 1802 Unused Serialized files (Serialized files now loaded: 0)
Unloading 14 unused Assets / (494.5 KB). Loaded Objects now: 2349.
Memory consumption went from 208.9 MB to 208.4 MB.
Total: 4.831750 ms (FindLiveObjects: 0.196042 ms CreateObjectMapping: 0.075166 ms MarkObjects: 4.092416 ms  DeleteObjects: 0.466500 ms)

AssetImportParameters requested are different than current active one (requested -> active):
  custom:video-decoder-ogg-theora: a1e56fd34408186e4bbccfd4996cb3dc -> 
  custom:container-muxer-webm: aa71ff27fc2769a1b78a27578f13a17b -> 
  custom:container-demuxer-webm: 4f35f7cbe854078d1ac9338744f61a02 -> 
  custom:video-encoder-webm-vp8: eb34c28f22e8b96e1ab97ce403110664 -> 
  custom:framework-osx-AVFoundation: e770b220cccbd017edd2c1fefb359320 -> 
  custom:audio-encoder-webm-vorbis: bf7c407c2cedff20999df2af8eb42d56 -> 
  custom:container-demuxer-ogg: 62fdf1f143b41e24485cea50d1cbac27 -> 
  custom:video-decoder-webm-vp8: 9c59270c3fd7afecdb556c50c9e8de78 -> 
  custom:audio-decoder-ogg-vorbis: bf7c407c2cedff20999df2af8eb42d56 -> 
========================================================================
Received Prepare
Registering precompiled user dll's ...
Registered in 0.001646 seconds.
Begin MonoManager ReloadAssembly
Native extension for Android target not found
Native extension for OSXStandalone target not found
Refreshing native plugins compatible for Editor in 0.59 ms, found 2 plugins.
Preloading 0 native plugins for Editor in 0.00 ms.
Mono: successfully reloaded assembly
- Completed reload, in  3.638 seconds
Domain Reload Profiling:
	ReloadAssembly (3643ms)
		BeginReloadAssembly (334ms)
			ExecutionOrderSort (0ms)
			DisableScriptedObjects (62ms)
			BackupInstance (0ms)
			ReleaseScriptingObjects (0ms)
			CreateAndSetChildDomain (77ms)
		EndReloadAssembly (2944ms)
			LoadAssemblies (144ms)
			RebuildTransferFunctionScriptingTraits (0ms)
			SetupTypeCache (351ms)
			ReleaseScriptCaches (1ms)
			RebuildScriptCaches (67ms)
			SetupLoadedEditorAssemblies (1990ms)
				LogAssemblyErrors (0ms)
				InitializePlatformSupportModulesInManaged (115ms)
				SetLoadedEditorAssemblies (2ms)
				RefreshPlugins (1ms)
				BeforeProcessingInitializeOnLoad (140ms)
				ProcessInitializeOnLoadAttributes (1352ms)
				ProcessInitializeOnLoadMethodAttributes (377ms)
				AfterProcessingInitializeOnLoad (2ms)
				EditorAssembliesLoaded (1ms)
			ExecutionOrderSort2 (0ms)
			AwakeInstancesAfterBackupRestoration (35ms)
Platform modules already initialized, skipping
Refreshing native plugins compatible for Editor in 1.81 ms, found 2 plugins.
Preloading 0 native plugins for Editor in 0.00 ms.
Unloading 1802 Unused Serialized files (Serialized files now loaded: 0)
Unloading 14 unused Assets / (0.5 MB). Loaded Objects now: 2352.
Memory consumption went from 209.1 MB to 208.6 MB.
Total: 5.510459 ms (FindLiveObjects: 0.235875 ms CreateObjectMapping: 0.090583 ms MarkObjects: 4.629500 ms  DeleteObjects: 0.552584 ms)

AssetImportParameters requested are different than current active one (requested -> active):
  custom:video-decoder-ogg-theora: a1e56fd34408186e4bbccfd4996cb3dc -> 
  custom:container-muxer-webm: aa71ff27fc2769a1b78a27578f13a17b -> 
  custom:container-demuxer-webm: 4f35f7cbe854078d1ac9338744f61a02 -> 
  custom:video-encoder-webm-vp8: eb34c28f22e8b96e1ab97ce403110664 -> 
  custom:framework-osx-AVFoundation: e770b220cccbd017edd2c1fefb359320 -> 
  custom:audio-encoder-webm-vorbis: bf7c407c2cedff20999df2af8eb42d56 -> 
  custom:container-demuxer-ogg: 62fdf1f143b41e24485cea50d1cbac27 -> 
  custom:video-decoder-webm-vp8: 9c59270c3fd7afecdb556c50c9e8de78 -> 
  custom:audio-decoder-ogg-vorbis: bf7c407c2cedff20999df2af8eb42d56 -> 
